Executing(%prep): /bin/sh -e /var/tmp/rpm-tmp.vP5dDA
+ umask 022
+ cd /home/mfeit/internet2/perfsonar/pscheduler/python-ntplib/rpmbuild/BUILD
+ LANG=C
+ export LANG
+ unset DISPLAY
+ cd /home/mfeit/internet2/perfsonar/pscheduler/python-ntplib/rpmbuild/BUILD
+ rm -rf ntplib-0.3.3
+ /bin/tar -xf -
+ /usr/bin/gzip -dc /home/mfeit/internet2/perfsonar/pscheduler/python-ntplib/rpmbuild/SOURCES/ntplib-0.3.3.tar.gz
+ STATUS=0
+ '[' 0 -ne 0 ']'
+ cd ntplib-0.3.3
+ /bin/chmod -Rf a+rX,u+w,g-w,o-w .
+ exit 0
Executing(%build): /bin/sh -e /var/tmp/rpm-tmp.Xx5pz6
+ umask 022
+ cd /home/mfeit/internet2/perfsonar/pscheduler/python-ntplib/rpmbuild/BUILD
+ cd ntplib-0.3.3
+ LANG=C
+ export LANG
+ unset DISPLAY
+ python setup.py build
running build
running build_py
creating build
creating build/lib
copying ntplib.py -> build/lib
+ exit 0
Executing(%install): /bin/sh -e /var/tmp/rpm-tmp.F2Y6GC
+ umask 022
+ cd /home/mfeit/internet2/perfsonar/pscheduler/python-ntplib/rpmbuild/BUILD
+ '[' /home/mfeit/ipp/python-ntplib/BUILD-ROOT '!=' / ']'
+ rm -rf /home/mfeit/ipp/python-ntplib/BUILD-ROOT
++ dirname /home/mfeit/ipp/python-ntplib/BUILD-ROOT
+ mkdir -p /home/mfeit/ipp/python-ntplib
+ mkdir /home/mfeit/ipp/python-ntplib/BUILD-ROOT
+ cd ntplib-0.3.3
+ LANG=C
+ export LANG
+ unset DISPLAY
+ python setup.py install --root=/home/mfeit/ipp/python-ntplib/BUILD-ROOT --record=INSTALLED_FILES -O1
running install
running build
running build_py
running install_lib
creating /home/mfeit/ipp/python-ntplib/BUILD-ROOT/usr
creating /home/mfeit/ipp/python-ntplib/BUILD-ROOT/usr/lib
creating /home/mfeit/ipp/python-ntplib/BUILD-ROOT/usr/lib/python2.6
creating /home/mfeit/ipp/python-ntplib/BUILD-ROOT/usr/lib/python2.6/site-packages
copying build/lib/ntplib.py -> /home/mfeit/ipp/python-ntplib/BUILD-ROOT/usr/lib/python2.6/site-packages
byte-compiling /home/mfeit/ipp/python-ntplib/BUILD-ROOT/usr/lib/python2.6/site-packages/ntplib.py to ntplib.pyc
writing byte-compilation script '/tmp/tmpAbgdzJ.py'
/usr/bin/python -O /tmp/tmpAbgdzJ.py
removing /tmp/tmpAbgdzJ.py
running install_egg_info
Writing /home/mfeit/ipp/python-ntplib/BUILD-ROOT/usr/lib/python2.6/site-packages/ntplib-0.3.3-py2.6.egg-info
writing list of installed files to 'INSTALLED_FILES'
+ /usr/lib/rpm/find-debuginfo.sh --strict-build-id /home/mfeit/internet2/perfsonar/pscheduler/python-ntplib/rpmbuild/BUILD/ntplib-0.3.3
find: `debug': No such file or directory
+ /usr/lib/rpm/check-buildroot
Processing files: python-ntplib-0.3.3-1.el6.noarch
Provides: python-ntplib = 0.3.3-1.el6
Requires(rpmlib): rpmlib(CompressedFileNames) <= 3.0.4-1 rpmlib(FileDigests) <= 4.6.0-1 rpmlib(PayloadFilesHavePrefix) <= 4.0-1 rpmlib(VersionedDependencies) <= 3.0.3-1
Requires: python(abi) = 2.6
Checking for unpackaged file(s): /usr/lib/rpm/check-files /home/mfeit/ipp/python-ntplib/BUILD-ROOT
warning: Could not canonicalize hostname: dev9
Wrote: /home/mfeit/internet2/perfsonar/pscheduler/python-ntplib/rpmbuild/SRPMS/python-ntplib-0.3.3-1.el6.src.rpm
Wrote: /home/mfeit/internet2/perfsonar/pscheduler/python-ntplib/rpmbuild/RPMS/noarch/python-ntplib-0.3.3-1.el6.noarch.rpm
Executing(%clean): /bin/sh -e /var/tmp/rpm-tmp.NKJ6Xn
+ umask 022
+ cd /home/mfeit/internet2/perfsonar/pscheduler/python-ntplib/rpmbuild/BUILD
+ cd ntplib-0.3.3
+ rm -rf /home/mfeit/ipp/python-ntplib/BUILD-ROOT
+ exit 0
