OpenJDK 64-Bit Server VM warning: If the number of processors is expected to increase from one, then you should configure the number of parallel GC threads appropriately using -XX:ParallelGCThreads=N
[2019-05-17 15:35:17,520] INFO Reading configuration from: config/zookeeper.properties (org.apache.zookeeper.server.quorum.QuorumPeerConfig)
[2019-05-17 15:35:17,535] INFO autopurge.snapRetainCount set to 3 (org.apache.zookeeper.server.DatadirCleanupManager)
[2019-05-17 15:35:17,535] INFO autopurge.purgeInterval set to 0 (org.apache.zookeeper.server.DatadirCleanupManager)
[2019-05-17 15:35:17,535] INFO Purge task is not scheduled. (org.apache.zookeeper.server.DatadirCleanupManager)
[2019-05-17 15:35:17,535] WARN Either no config or no quorum defined in config, running  in standalone mode (org.apache.zookeeper.server.quorum.QuorumPeerMain)
[2019-05-17 15:35:17,553] INFO Reading configuration from: config/zookeeper.properties (org.apache.zookeeper.server.quorum.QuorumPeerConfig)
[2019-05-17 15:35:17,553] INFO Starting server (org.apache.zookeeper.server.ZooKeeperServerMain)
[2019-05-17 15:35:17,575] INFO Server environment:zookeeper.version=3.4.13-2d71af4dbe22557fda74f9a9b4309b15a7487f03, built on 06/29/2018 00:39 GMT (org.apache.zookeeper.server.ZooKeeperServer)
[2019-05-17 15:35:17,575] INFO Server environment:host.name=alpha (org.apache.zookeeper.server.ZooKeeperServer)
[2019-05-17 15:35:17,575] INFO Server environment:java.version=1.8.0_212 (org.apache.zookeeper.server.ZooKeeperServer)
[2019-05-17 15:35:17,575] INFO Server environment:java.vendor=Oracle Corporation (org.apache.zookeeper.server.ZooKeeperServer)
[2019-05-17 15:35:17,576] INFO Server environment:java.home=/usr/lib/jvm/java-1.8.0-openjdk-1.8.0.212.b04-0.el7_6.x86_64/jre (org.apache.zookeeper.server.ZooKeeperServer)
[2019-05-17 15:35:17,576] INFO Server environment:java.class.path=/opt/kafka_2.11-2.2.0/bin/../libs/activation-1.1.1.jar:/opt/kafka_2.11-2.2.0/bin/../libs/aopalliance-repackaged-2.5.0-b42.jar:/opt/kafka_2.11-2.2.0/bin/../libs/argparse4j-0.7.0.jar:/opt/kafka_2.11-2.2.0/bin/../libs/audience-annotations-0.5.0.jar:/opt/kafka_2.11-2.2.0/bin/../libs/commons-lang3-3.8.1.jar:/opt/kafka_2.11-2.2.0/bin/../libs/connect-api-2.2.0.jar:/opt/kafka_2.11-2.2.0/bin/../libs/connect-basic-auth-extension-2.2.0.jar:/opt/kafka_2.11-2.2.0/bin/../libs/connect-file-2.2.0.jar:/opt/kafka_2.11-2.2.0/bin/../libs/connect-json-2.2.0.jar:/opt/kafka_2.11-2.2.0/bin/../libs/connect-runtime-2.2.0.jar:/opt/kafka_2.11-2.2.0/bin/../libs/connect-transforms-2.2.0.jar:/opt/kafka_2.11-2.2.0/bin/../libs/guava-20.0.jar:/opt/kafka_2.11-2.2.0/bin/../libs/hk2-api-2.5.0-b42.jar:/opt/kafka_2.11-2.2.0/bin/../libs/hk2-locator-2.5.0-b42.jar:/opt/kafka_2.11-2.2.0/bin/../libs/hk2-utils-2.5.0-b42.jar:/opt/kafka_2.11-2.2.0/bin/../libs/jackson-annotations-2.9.8.jar:/opt/kafka_2.11-2.2.0/bin/../libs/jackson-core-2.9.8.jar:/opt/kafka_2.11-2.2.0/bin/../libs/jackson-databind-2.9.8.jar:/opt/kafka_2.11-2.2.0/bin/../libs/jackson-datatype-jdk8-2.9.8.jar:/opt/kafka_2.11-2.2.0/bin/../libs/jackson-jaxrs-base-2.9.8.jar:/opt/kafka_2.11-2.2.0/bin/../libs/jackson-jaxrs-json-provider-2.9.8.jar:/opt/kafka_2.11-2.2.0/bin/../libs/jackson-module-jaxb-annotations-2.9.8.jar:/opt/kafka_2.11-2.2.0/bin/../libs/javassist-3.22.0-CR2.jar:/opt/kafka_2.11-2.2.0/bin/../libs/javax.annotation-api-1.2.jar:/opt/kafka_2.11-2.2.0/bin/../libs/javax.inject-1.jar:/opt/kafka_2.11-2.2.0/bin/../libs/javax.inject-2.5.0-b42.jar:/opt/kafka_2.11-2.2.0/bin/../libs/javax.servlet-api-3.1.0.jar:/opt/kafka_2.11-2.2.0/bin/../libs/javax.ws.rs-api-2.1.1.jar:/opt/kafka_2.11-2.2.0/bin/../libs/javax.ws.rs-api-2.1.jar:/opt/kafka_2.11-2.2.0/bin/../libs/jaxb-api-2.3.0.jar:/opt/kafka_2.11-2.2.0/bin/../libs/jersey-client-2.27.jar:/opt/kafka_2.11-2.2.0/bin/../libs/jersey-common-2.27.jar:/opt/kafka_2.11-2.2.0/bin/../libs/jersey-container-servlet-2.27.jar:/opt/kafka_2.11-2.2.0/bin/../libs/jersey-container-servlet-core-2.27.jar:/opt/kafka_2.11-2.2.0/bin/../libs/jersey-hk2-2.27.jar:/opt/kafka_2.11-2.2.0/bin/../libs/jersey-media-jaxb-2.27.jar:/opt/kafka_2.11-2.2.0/bin/../libs/jersey-server-2.27.jar:/opt/kafka_2.11-2.2.0/bin/../libs/jetty-client-9.4.14.v20181114.jar:/opt/kafka_2.11-2.2.0/bin/../libs/jetty-continuation-9.4.14.v20181114.jar:/opt/kafka_2.11-2.2.0/bin/../libs/jetty-http-9.4.14.v20181114.jar:/opt/kafka_2.11-2.2.0/bin/../libs/jetty-io-9.4.14.v20181114.jar:/opt/kafka_2.11-2.2.0/bin/../libs/jetty-security-9.4.14.v20181114.jar:/opt/kafka_2.11-2.2.0/bin/../libs/jetty-server-9.4.14.v20181114.jar:/opt/kafka_2.11-2.2.0/bin/../libs/jetty-servlet-9.4.14.v20181114.jar:/opt/kafka_2.11-2.2.0/bin/../libs/jetty-servlets-9.4.14.v20181114.jar:/opt/kafka_2.11-2.2.0/bin/../libs/jetty-util-9.4.14.v20181114.jar:/opt/kafka_2.11-2.2.0/bin/../libs/jopt-simple-5.0.4.jar:/opt/kafka_2.11-2.2.0/bin/../libs/kafka_2.11-2.2.0.jar:/opt/kafka_2.11-2.2.0/bin/../libs/kafka_2.11-2.2.0-sources.jar:/opt/kafka_2.11-2.2.0/bin/../libs/kafka-clients-2.2.0.jar:/opt/kafka_2.11-2.2.0/bin/../libs/kafka-log4j-appender-2.2.0.jar:/opt/kafka_2.11-2.2.0/bin/../libs/kafka-streams-2.2.0.jar:/opt/kafka_2.11-2.2.0/bin/../libs/kafka-streams-examples-2.2.0.jar:/opt/kafka_2.11-2.2.0/bin/../libs/kafka-streams-scala_2.11-2.2.0.jar:/opt/kafka_2.11-2.2.0/bin/../libs/kafka-streams-test-utils-2.2.0.jar:/opt/kafka_2.11-2.2.0/bin/../libs/kafka-tools-2.2.0.jar:/opt/kafka_2.11-2.2.0/bin/../libs/log4j-1.2.17.jar:/opt/kafka_2.11-2.2.0/bin/../libs/lz4-java-1.5.0.jar:/opt/kafka_2.11-2.2.0/bin/../libs/maven-artifact-3.6.0.jar:/opt/kafka_2.11-2.2.0/bin/../libs/metrics-core-2.2.0.jar:/opt/kafka_2.11-2.2.0/bin/../libs/osgi-resource-locator-1.0.1.jar:/opt/kafka_2.11-2.2.0/bin/../libs/plexus-utils-3.1.0.jar:/opt/kafka_2.11-2.2.0/bin/../libs/reflections-0.9.11.jar:/opt/kafka_2.11-2.2.0/bin/../libs/rocksdbjni-5.15.10.jar:/opt/kafka_2.11-2.2.0/bin/../libs/scala-library-2.11.12.jar:/opt/kafka_2.11-2.2.0/bin/../libs/scala-logging_2.11-3.9.0.jar:/opt/kafka_2.11-2.2.0/bin/../libs/scala-reflect-2.11.12.jar:/opt/kafka_2.11-2.2.0/bin/../libs/slf4j-api-1.7.25.jar:/opt/kafka_2.11-2.2.0/bin/../libs/slf4j-log4j12-1.7.25.jar:/opt/kafka_2.11-2.2.0/bin/../libs/snappy-java-1.1.7.2.jar:/opt/kafka_2.11-2.2.0/bin/../libs/validation-api-1.1.0.Final.jar:/opt/kafka_2.11-2.2.0/bin/../libs/zkclient-0.11.jar:/opt/kafka_2.11-2.2.0/bin/../libs/zookeeper-3.4.13.jar:/opt/kafka_2.11-2.2.0/bin/../libs/zstd-jni-1.3.8-1.jar (org.apache.zookeeper.server.ZooKeeperServer)
[2019-05-17 15:35:17,576] INFO Server environment:java.library.path=/usr/java/packages/lib/amd64:/usr/lib64:/lib64:/lib:/usr/lib (org.apache.zookeeper.server.ZooKeeperServer)
[2019-05-17 15:35:17,576] INFO Server environment:java.io.tmpdir=/tmp (org.apache.zookeeper.server.ZooKeeperServer)
[2019-05-17 15:35:17,576] INFO Server environment:java.compiler=<NA> (org.apache.zookeeper.server.ZooKeeperServer)
[2019-05-17 15:35:17,576] INFO Server environment:os.name=Linux (org.apache.zookeeper.server.ZooKeeperServer)
[2019-05-17 15:35:17,576] INFO Server environment:os.arch=amd64 (org.apache.zookeeper.server.ZooKeeperServer)
[2019-05-17 15:35:17,576] INFO Server environment:os.version=3.10.0-957.12.1.el7.x86_64 (org.apache.zookeeper.server.ZooKeeperServer)
[2019-05-17 15:35:17,576] INFO Server environment:user.name=vagrant (org.apache.zookeeper.server.ZooKeeperServer)
[2019-05-17 15:35:17,576] INFO Server environment:user.home=/home/vagrant (org.apache.zookeeper.server.ZooKeeperServer)
[2019-05-17 15:35:17,576] INFO Server environment:user.dir=/opt/kafka_2.11-2.2.0 (org.apache.zookeeper.server.ZooKeeperServer)
[2019-05-17 15:35:17,584] INFO tickTime set to 3000 (org.apache.zookeeper.server.ZooKeeperServer)
[2019-05-17 15:35:17,584] INFO minSessionTimeout set to -1 (org.apache.zookeeper.server.ZooKeeperServer)
[2019-05-17 15:35:17,584] INFO maxSessionTimeout set to -1 (org.apache.zookeeper.server.ZooKeeperServer)
[2019-05-17 15:35:17,605] INFO Using org.apache.zookeeper.server.NIOServerCnxnFactory as server connection factory (org.apache.zookeeper.server.ServerCnxnFactory)
[2019-05-17 15:35:17,630] INFO binding to port 0.0.0.0/0.0.0.0:2181 (org.apache.zookeeper.server.NIOServerCnxnFactory)
[2019-05-17 15:35:24,434] INFO Expiring session 0x10000025c3e0000, timeout of 6000ms exceeded (org.apache.zookeeper.server.ZooKeeperServer)
[2019-05-17 15:35:24,435] INFO Processed session termination for sessionid: 0x10000025c3e0000 (org.apache.zookeeper.server.PrepRequestProcessor)
[2019-05-17 15:35:24,435] INFO Creating new log file: log.115 (org.apache.zookeeper.server.persistence.FileTxnLog)
[2019-05-17 15:35:25,580] INFO Accepted socket connection from /127.0.0.1:48622 (org.apache.zookeeper.server.NIOServerCnxnFactory)
[2019-05-17 15:35:25,587] INFO Client attempting to establish new session at /127.0.0.1:48622 (org.apache.zookeeper.server.ZooKeeperServer)
[2019-05-17 15:35:25,607] INFO Established session 0x10000902f500000 with negotiated timeout 6000 for client /127.0.0.1:48622 (org.apache.zookeeper.server.ZooKeeperServer)
[2019-05-17 15:35:25,721] INFO Got user-level KeeperException when processing sessionid:0x10000902f500000 type:create cxid:0x1 zxid:0x117 txntype:-1 reqpath:n/a Error Path:/consumers Error:KeeperErrorCode = NodeExists for /consumers (org.apache.zookeeper.server.PrepRequestProcessor)
[2019-05-17 15:35:25,734] INFO Got user-level KeeperException when processing sessionid:0x10000902f500000 type:create cxid:0x2 zxid:0x118 txntype:-1 reqpath:n/a Error Path:/brokers/ids Error:KeeperErrorCode = NodeExists for /brokers/ids (org.apache.zookeeper.server.PrepRequestProcessor)
[2019-05-17 15:35:25,736] INFO Got user-level KeeperException when processing sessionid:0x10000902f500000 type:create cxid:0x3 zxid:0x119 txntype:-1 reqpath:n/a Error Path:/brokers/topics Error:KeeperErrorCode = NodeExists for /brokers/topics (org.apache.zookeeper.server.PrepRequestProcessor)
[2019-05-17 15:35:25,738] INFO Got user-level KeeperException when processing sessionid:0x10000902f500000 type:create cxid:0x4 zxid:0x11a txntype:-1 reqpath:n/a Error Path:/config/changes Error:KeeperErrorCode = NodeExists for /config/changes (org.apache.zookeeper.server.PrepRequestProcessor)
[2019-05-17 15:35:25,739] INFO Got user-level KeeperException when processing sessionid:0x10000902f500000 type:create cxid:0x5 zxid:0x11b txntype:-1 reqpath:n/a Error Path:/admin/delete_topics Error:KeeperErrorCode = NodeExists for /admin/delete_topics (org.apache.zookeeper.server.PrepRequestProcessor)
[2019-05-17 15:35:25,742] INFO Got user-level KeeperException when processing sessionid:0x10000902f500000 type:create cxid:0x6 zxid:0x11c txntype:-1 reqpath:n/a Error Path:/brokers/seqid Error:KeeperErrorCode = NodeExists for /brokers/seqid (org.apache.zookeeper.server.PrepRequestProcessor)
[2019-05-17 15:35:25,744] INFO Got user-level KeeperException when processing sessionid:0x10000902f500000 type:create cxid:0x7 zxid:0x11d txntype:-1 reqpath:n/a Error Path:/isr_change_notification Error:KeeperErrorCode = NodeExists for /isr_change_notification (org.apache.zookeeper.server.PrepRequestProcessor)
[2019-05-17 15:35:25,746] INFO Got user-level KeeperException when processing sessionid:0x10000902f500000 type:create cxid:0x8 zxid:0x11e txntype:-1 reqpath:n/a Error Path:/latest_producer_id_block Error:KeeperErrorCode = NodeExists for /latest_producer_id_block (org.apache.zookeeper.server.PrepRequestProcessor)
[2019-05-17 15:35:25,749] INFO Got user-level KeeperException when processing sessionid:0x10000902f500000 type:create cxid:0x9 zxid:0x11f txntype:-1 reqpath:n/a Error Path:/log_dir_event_notification Error:KeeperErrorCode = NodeExists for /log_dir_event_notification (org.apache.zookeeper.server.PrepRequestProcessor)
[2019-05-17 15:35:25,750] INFO Got user-level KeeperException when processing sessionid:0x10000902f500000 type:create cxid:0xa zxid:0x120 txntype:-1 reqpath:n/a Error Path:/config/topics Error:KeeperErrorCode = NodeExists for /config/topics (org.apache.zookeeper.server.PrepRequestProcessor)
[2019-05-17 15:35:25,752] INFO Got user-level KeeperException when processing sessionid:0x10000902f500000 type:create cxid:0xb zxid:0x121 txntype:-1 reqpath:n/a Error Path:/config/clients Error:KeeperErrorCode = NodeExists for /config/clients (org.apache.zookeeper.server.PrepRequestProcessor)
[2019-05-17 15:35:25,754] INFO Got user-level KeeperException when processing sessionid:0x10000902f500000 type:create cxid:0xc zxid:0x122 txntype:-1 reqpath:n/a Error Path:/config/users Error:KeeperErrorCode = NodeExists for /config/users (org.apache.zookeeper.server.PrepRequestProcessor)
[2019-05-17 15:35:25,755] INFO Got user-level KeeperException when processing sessionid:0x10000902f500000 type:create cxid:0xd zxid:0x123 txntype:-1 reqpath:n/a Error Path:/config/brokers Error:KeeperErrorCode = NodeExists for /config/brokers (org.apache.zookeeper.server.PrepRequestProcessor)
[2019-05-17 15:35:29,920] INFO Got user-level KeeperException when processing sessionid:0x10000902f500000 type:multi cxid:0x67 zxid:0x127 txntype:-1 reqpath:n/a aborting remaining multi ops. Error Path:/admin/preferred_replica_election Error:KeeperErrorCode = NoNode for /admin/preferred_replica_election (org.apache.zookeeper.server.PrepRequestProcessor)
